This is e-pTeX, Version 3.14159265-p3.7-160201-2.6 (utf8.sjis) (TeX Live 2016/W32TeX) (preloaded format=platex 2018.10.14)  25 DEC 2022 12:25
entering extended mode
 restricted \write18 enabled.
 %&-line parsing enabled.
**./calender.tex
(./calender.tex
pLaTeX2e <2016/11/29> (based on LaTeX2e <2016/03/31> patch level 3)
Babel <3.9r> and hyphenation patterns for 83 language(s) loaded.
(c:/texlive/2016/texmf-dist/tex/platex/jsclasses/jsarticle.cls
Document Class: jsarticle 2016/12/13 okumura, texjporg
\stockwidth=\dimen118
\stockheight=\dimen119
\jsc@mpt=\dimen120
\jsc@mmm=\dimen121
\jsc@smallskipamount=\skip41
LaTeX Info: Redefining \rmfamily on input line 462.
LaTeX Info: Redefining \sffamily on input line 465.
LaTeX Info: Redefining \ttfamily on input line 468.
LaTeX Info: Redefining \textmc on input line 471.
LaTeX Info: Redefining \textgt on input line 473.
\symmincho=\mathgroup4
LaTeX Font Info:    Overwriting symbol font `mincho' in version `bold'
(Font)                  JY1/mc/m/n --> JY1/gt/m/n on input line 534.
LaTeX Font Info:    Font shape `JT1/mc/m/n' will be
(Font)              scaled to size 9.60999pt on input line 725.
LaTeX Font Info:    Font shape `JY1/mc/m/n' will be
(Font)              scaled to size 9.60999pt on input line 725.
\fullwidth=\dimen122
LaTeX Font Info:    Font shape `JT1/mc/m/n' will be
(Font)              scaled to size 7.68799pt on input line 877.
LaTeX Font Info:    Font shape `JY1/mc/m/n' will be
(Font)              scaled to size 7.68799pt on input line 877.
\c@part=\count82
\c@section=\count83
\c@subsection=\count84
\c@subsubsection=\count85
\c@paragraph=\count86
\c@subparagraph=\count87
\@abstractbox=\box41
\c@figure=\count88
\c@table=\count89
\abovecaptionskip=\skip42
\belowcaptionskip=\skip43
\jsc@tocl@width=\dimen123
\@lnumwidth=\dimen124
\bibindent=\dimen125
(c:/texlive/2016/texmf-dist/tex/platex/jsclasses/jslogo.sty
Package: jslogo 2016/07/14 okumura, texjporg
LaTeX Info: Redefining \TeX on input line 94.
LaTeX Info: Redefining \LaTeX on input line 147.
LaTeX Info: Redefining \LaTeXe on input line 200.
)
\heisei=\count90
)
(c:/texlive/2016/texmf-dist/tex/latex/geometry/geometry.sty
Package: geometry 2010/09/12 v5.6 Page Geometry

(c:/texlive/2016/texmf-dist/tex/latex/graphics/keyval.sty
Package: keyval 2014/10/28 v1.15 key=value parser (DPC)
\KV@toks@=\toks15
)
(c:/texlive/2016/texmf-dist/tex/generic/oberdiek/ifpdf.sty
Package: ifpdf 2016/05/14 v3.1 Provides the ifpdf switch
)
(c:/texlive/2016/texmf-dist/tex/generic/oberdiek/ifvtex.sty
Package: ifvtex 2016/05/16 v1.6 Detect VTeX and its facilities (HO)
Package ifvtex Info: VTeX not detected.
)
(c:/texlive/2016/texmf-dist/tex/generic/ifxetex/ifxetex.sty
Package: ifxetex 2010/09/12 v0.6 Provides ifxetex conditional
)
\Gm@cnth=\count91
\Gm@cntv=\count92
\c@Gm@tempcnt=\count93
\Gm@bindingoffset=\dimen126
\Gm@wd@mp=\dimen127
\Gm@odd@mp=\dimen128
\Gm@even@mp=\dimen129
\Gm@layoutwidth=\dimen130
\Gm@layoutheight=\dimen131
\Gm@layouthoffset=\dimen132
\Gm@layoutvoffset=\dimen133
\Gm@dimlist=\toks16
)
(c:/texlive/2016/texmf-dist/tex/latex/tools/array.sty
Package: array 2014/10/28 v2.4c Tabular extension package (FMi)
\col@sep=\dimen134
\extrarowheight=\dimen135
\NC@list=\toks17
\extratabsurround=\skip44
\backup@length=\skip45
) (./calender.aux)
\openout1 = `calender.aux'.

LaTeX Font Info:    Checking defaults for OML/cmm/m/it on input line 10.
LaTeX Font Info:    ... okay on input line 10.
LaTeX Font Info:    Checking defaults for T1/cmr/m/n on input line 10.
LaTeX Font Info:    ... okay on input line 10.
LaTeX Font Info:    Checking defaults for OT1/cmr/m/n on input line 10.
LaTeX Font Info:    ... okay on input line 10.
LaTeX Font Info:    Checking defaults for OMS/cmsy/m/n on input line 10.
LaTeX Font Info:    ... okay on input line 10.
LaTeX Font Info:    Checking defaults for OMX/cmex/m/n on input line 10.
LaTeX Font Info:    ... okay on input line 10.
LaTeX Font Info:    Checking defaults for U/cmr/m/n on input line 10.
LaTeX Font Info:    ... okay on input line 10.
LaTeX Font Info:    Checking defaults for JY1/mc/m/n on input line 10.
LaTeX Font Info:    ... okay on input line 10.
LaTeX Font Info:    Checking defaults for JT1/mc/m/n on input line 10.
LaTeX Font Info:    ... okay on input line 10.

*geometry* driver: auto-detecting
*geometry* detected driver: dvips
*geometry* verbose mode - [ preamble ] result:
* driver: dvips
* paper: a4paper
* layout: <same size as paper>
* layoutoffset:(h,v)=(0.0pt,0.0pt)
* modes: landscape includefoot 
* h-part:(L,W,R)=(56.9055pt, 731.23584pt, 56.9055pt)
* v-part:(T,H,B)=(28.45274pt, 540.60239pt, 28.45274pt)
* \paperwidth=845.04684pt
* \paperheight=597.50787pt
* \textwidth=731.23584pt
* \textheight=520.48064pt
* \oddsidemargin=-15.36449pt
* \evensidemargin=-15.36449pt
* \topmargin=-71.17827pt
* \headheight=20.0pt
* \headsep=7.36102pt
* \topskip=12.76073pt
* \footskip=20.12175pt
* \marginparwidth=55.48123pt
* \marginparsep=18.49374pt
* \columnsep=18.49374pt
* \skip\footins=16.0pt plus 5.0pt minus 2.0pt
* \hoffset=0.0pt
* \voffset=0.0pt
* \mag=1000
* \@twocolumnfalse
* \@twosidefalse
* \@mparswitchfalse
* \@reversemarginfalse
* (1in=72.27pt=25.4mm, 1cm=28.453pt)

LaTeX Font Info:    Font shape `JT1/mc/m/n' will be
(Font)              scaled to size 16.60605pt on input line 15.
LaTeX Font Info:    Font shape `JY1/mc/m/n' will be
(Font)              scaled to size 16.60605pt on input line 15.
LaTeX Font Info:    External font `cmex10' loaded for size
(Font)              <7> on input line 21.
LaTeX Font Info:    External font `cmex10' loaded for size
(Font)              <5> on input line 21.
LaTeX Font Info:    Font shape `JY1/mc/m/n' will be
(Font)              scaled to size 6.72699pt on input line 21.
LaTeX Font Info:    Font shape `JY1/mc/m/n' will be
(Font)              scaled to size 4.805pt on input line 21.
LaTeX Font Info:    Font shape `JT1/mc/m/n' will be
(Font)              scaled to size 11.53198pt on input line 23.
LaTeX Font Info:    Font shape `JY1/mc/m/n' will be
(Font)              scaled to size 11.53198pt on input line 23.

Overfull \hbox (2.55267pt too wide) in paragraph at lines 21--27
[][] 
 []

LaTeX Font Info:    Font shape `JT1/mc/bx/n' in size <17.28> not available
(Font)              Font shape `JT1/gt/m/n' tried instead on input line 32.
LaTeX Font Info:    Font shape `JT1/gt/m/n' will be
(Font)              scaled to size 16.60605pt on input line 32.
LaTeX Font Info:    Font shape `JY1/mc/bx/n' in size <17.28> not available
(Font)              Font shape `JY1/gt/m/n' tried instead on input line 32.
LaTeX Font Info:    Font shape `JY1/gt/m/n' will be
(Font)              scaled to size 16.60605pt on input line 32.

Overfull \hbox (1.18416pt too wide) in paragraph at lines 32--32
[]|[]| 
 []


Overfull \hbox (1.18416pt too wide) in paragraph at lines 32--32
[]|[]| 
 []


Overfull \hbox (1.18416pt too wide) in paragraph at lines 32--32
[]|[]| 
 []


Overfull \hbox (1.18416pt too wide) in paragraph at lines 32--32
[]|[]| 
 []


Overfull \hbox (1.18416pt too wide) in paragraph at lines 32--32
[]|[]| 
 []


Overfull \hbox (1.18416pt too wide) in paragraph at lines 32--32
[]|[]| 
 []


Overfull \hbox (1.18416pt too wide) in paragraph at lines 32--33
[]|[]| 
 []


Overfull \hbox (1.18416pt too wide) in paragraph at lines 34--34
[]|[]| 
 []


Overfull \hbox (1.18416pt too wide) in paragraph at lines 34--34
[]|[]| 
 []


Overfull \hbox (5.2136pt too wide) in paragraph at lines 34--34
[]|[]| 
 []


Overfull \hbox (5.2136pt too wide) in paragraph at lines 34--34
[]|[]| 
 []


Overfull \hbox (5.2136pt too wide) in paragraph at lines 34--34
[]|[]| 
 []


Overfull \hbox (5.2136pt too wide) in paragraph at lines 34--34
[]|[]| 
 []


Overfull \hbox (5.2136pt too wide) in paragraph at lines 34--35
[]|[]| 
 []


Overfull \hbox (5.2136pt too wide) in paragraph at lines 36--36
[]|[]| 
 []


Overfull \hbox (5.2136pt too wide) in paragraph at lines 36--36
[]|[]| 
 []


Overfull \hbox (5.2136pt too wide) in paragraph at lines 36--36
[]|[]| 
 []


Overfull \hbox (5.2136pt too wide) in paragraph at lines 36--36
[]|[]| 
 []


Overfull \hbox (5.2136pt too wide) in paragraph at lines 36--36
[]|[]| 
 []


Overfull \hbox (5.2136pt too wide) in paragraph at lines 36--36
[]|[]| 
 []


Overfull \hbox (5.2136pt too wide) in paragraph at lines 36--37
[]|[]| 
 []


Overfull \hbox (5.2136pt too wide) in paragraph at lines 38--38
[]|[]| 
 []


Overfull \hbox (5.2136pt too wide) in paragraph at lines 38--38
[]|[]| 
 []


Overfull \hbox (5.2136pt too wide) in paragraph at lines 38--38
[]|[]| 
 []


Overfull \hbox (5.2136pt too wide) in paragraph at lines 38--38
[]|[]| 
 []


Overfull \hbox (5.2136pt too wide) in paragraph at lines 38--38
[]|[]| 
 []


Overfull \hbox (5.2136pt too wide) in paragraph at lines 38--38
[]|[]| 
 []


Overfull \hbox (5.2136pt too wide) in paragraph at lines 38--39
[]|[]| 
 []


Overfull \hbox (5.2136pt too wide) in paragraph at lines 40--40
[]|[]| 
 []


Overfull \hbox (5.2136pt too wide) in paragraph at lines 40--40
[]|[]| 
 []


Overfull \hbox (5.2136pt too wide) in paragraph at lines 40--40
[]|[]| 
 []


Overfull \hbox (2.55267pt too wide) in paragraph at lines 30--44
[][] 
 []

[1

]
Overfull \hbox (2.55267pt too wide) in paragraph at lines 51--57
[][] 
 []


Overfull \hbox (1.18416pt too wide) in paragraph at lines 62--62
[]|[]| 
 []


Overfull \hbox (1.18416pt too wide) in paragraph at lines 62--62
[]|[]| 
 []


Overfull \hbox (1.18416pt too wide) in paragraph at lines 62--62
[]|[]| 
 []


Overfull \hbox (1.18416pt too wide) in paragraph at lines 62--63
[]|[]| 
 []


Overfull \hbox (1.18416pt too wide) in paragraph at lines 64--64
[]|[]| 
 []


Overfull \hbox (1.18416pt too wide) in paragraph at lines 64--64
[]|[]| 
 []


Overfull \hbox (1.18416pt too wide) in paragraph at lines 64--64
[]|[]| 
 []


Overfull \hbox (1.18416pt too wide) in paragraph at lines 64--64
[]|[]| 
 []


Overfull \hbox (1.18416pt too wide) in paragraph at lines 64--64
[]|[]| 
 []


Overfull \hbox (5.2136pt too wide) in paragraph at lines 64--64
[]|[]| 
 []


Overfull \hbox (5.2136pt too wide) in paragraph at lines 64--65
[]|[]| 
 []


Overfull \hbox (5.2136pt too wide) in paragraph at lines 66--66
[]|[]| 
 []


Overfull \hbox (5.2136pt too wide) in paragraph at lines 66--66
[]|[]| 
 []


Overfull \hbox (5.2136pt too wide) in paragraph at lines 66--66
[]|[]| 
 []


Overfull \hbox (5.2136pt too wide) in paragraph at lines 66--66
[]|[]| 
 []


Overfull \hbox (5.2136pt too wide) in paragraph at lines 66--66
[]|[]| 
 []


Overfull \hbox (5.2136pt too wide) in paragraph at lines 66--66
[]|[]| 
 []


Overfull \hbox (5.2136pt too wide) in paragraph at lines 66--67
[]|[]| 
 []


Overfull \hbox (5.2136pt too wide) in paragraph at lines 68--68
[]|[]| 
 []


Overfull \hbox (5.2136pt too wide) in paragraph at lines 68--68
[]|[]| 
 []


Overfull \hbox (5.2136pt too wide) in paragraph at lines 68--68
[]|[]| 
 []


Overfull \hbox (5.2136pt too wide) in paragraph at lines 68--68
[]|[]| 
 []


Overfull \hbox (5.2136pt too wide) in paragraph at lines 68--68
[]|[]| 
 []


Overfull \hbox (5.2136pt too wide) in paragraph at lines 68--68
[]|[]| 
 []


Overfull \hbox (5.2136pt too wide) in paragraph at lines 68--69
[]|[]| 
 []


Overfull \hbox (5.2136pt too wide) in paragraph at lines 70--70
[]|[]| 
 []


Overfull \hbox (5.2136pt too wide) in paragraph at lines 70--70
[]|[]| 
 []


Overfull \hbox (5.2136pt too wide) in paragraph at lines 70--70
[]|[]| 
 []


Overfull \hbox (2.55267pt too wide) in paragraph at lines 60--74
[][] 
 []

[2]
Overfull \hbox (2.55267pt too wide) in paragraph at lines 81--87
[][] 
 []


Overfull \hbox (1.18416pt too wide) in paragraph at lines 92--92
[]|[]| 
 []


Overfull \hbox (1.18416pt too wide) in paragraph at lines 92--92
[]|[]| 
 []


Overfull \hbox (1.18416pt too wide) in paragraph at lines 92--92
[]|[]| 
 []


Overfull \hbox (1.18416pt too wide) in paragraph at lines 92--93
[]|[]| 
 []


Overfull \hbox (1.18416pt too wide) in paragraph at lines 94--94
[]|[]| 
 []


Overfull \hbox (1.18416pt too wide) in paragraph at lines 94--94
[]|[]| 
 []


Overfull \hbox (1.18416pt too wide) in paragraph at lines 94--94
[]|[]| 
 []


Overfull \hbox (1.18416pt too wide) in paragraph at lines 94--94
[]|[]| 
 []


Overfull \hbox (1.18416pt too wide) in paragraph at lines 94--94
[]|[]| 
 []


Overfull \hbox (5.2136pt too wide) in paragraph at lines 94--94
[]|[]| 
 []


Overfull \hbox (5.2136pt too wide) in paragraph at lines 94--95
[]|[]| 
 []


Overfull \hbox (5.2136pt too wide) in paragraph at lines 96--96
[]|[]| 
 []


Overfull \hbox (5.2136pt too wide) in paragraph at lines 96--96
[]|[]| 
 []


Overfull \hbox (5.2136pt too wide) in paragraph at lines 96--96
[]|[]| 
 []


Overfull \hbox (5.2136pt too wide) in paragraph at lines 96--96
[]|[]| 
 []


Overfull \hbox (5.2136pt too wide) in paragraph at lines 96--96
[]|[]| 
 []


Overfull \hbox (5.2136pt too wide) in paragraph at lines 96--96
[]|[]| 
 []


Overfull \hbox (5.2136pt too wide) in paragraph at lines 96--97
[]|[]| 
 []


Overfull \hbox (5.2136pt too wide) in paragraph at lines 98--98
[]|[]| 
 []


Overfull \hbox (5.2136pt too wide) in paragraph at lines 98--98
[]|[]| 
 []


Overfull \hbox (5.2136pt too wide) in paragraph at lines 98--98
[]|[]| 
 []


Overfull \hbox (5.2136pt too wide) in paragraph at lines 98--98
[]|[]| 
 []


Overfull \hbox (5.2136pt too wide) in paragraph at lines 98--98
[]|[]| 
 []


Overfull \hbox (5.2136pt too wide) in paragraph at lines 98--98
[]|[]| 
 []


Overfull \hbox (5.2136pt too wide) in paragraph at lines 98--99
[]|[]| 
 []


Overfull \hbox (5.2136pt too wide) in paragraph at lines 100--100
[]|[]| 
 []


Overfull \hbox (5.2136pt too wide) in paragraph at lines 100--100
[]|[]| 
 []


Overfull \hbox (5.2136pt too wide) in paragraph at lines 100--100
[]|[]| 
 []


Overfull \hbox (5.2136pt too wide) in paragraph at lines 100--100
[]|[]| 
 []


Overfull \hbox (5.2136pt too wide) in paragraph at lines 100--100
[]|[]| 
 []


Overfull \hbox (5.2136pt too wide) in paragraph at lines 100--100
[]|[]| 
 []


Overfull \hbox (2.55267pt too wide) in paragraph at lines 90--104
[][] 
 []

[3]
Overfull \hbox (2.55267pt too wide) in paragraph at lines 111--117
[][] 
 []


Overfull \hbox (1.18416pt too wide) in paragraph at lines 122--123
[]|[]| 
 []


Overfull \hbox (1.18416pt too wide) in paragraph at lines 124--124
[]|[]| 
 []


Overfull \hbox (1.18416pt too wide) in paragraph at lines 124--124
[]|[]| 
 []


Overfull \hbox (1.18416pt too wide) in paragraph at lines 124--124
[]|[]| 
 []


Overfull \hbox (1.18416pt too wide) in paragraph at lines 124--124
[]|[]| 
 []


Overfull \hbox (1.18416pt too wide) in paragraph at lines 124--124
[]|[]| 
 []


Overfull \hbox (1.18416pt too wide) in paragraph at lines 124--124
[]|[]| 
 []


Overfull \hbox (1.18416pt too wide) in paragraph at lines 124--125
[]|[]| 
 []


Overfull \hbox (1.18416pt too wide) in paragraph at lines 126--126
[]|[]| 
 []


Overfull \hbox (5.2136pt too wide) in paragraph at lines 126--126
[]|[]| 
 []


Overfull \hbox (5.2136pt too wide) in paragraph at lines 126--126
[]|[]| 
 []


Overfull \hbox (5.2136pt too wide) in paragraph at lines 126--126
[]|[]| 
 []


Overfull \hbox (5.2136pt too wide) in paragraph at lines 126--126
[]|[]| 
 []


Overfull \hbox (5.2136pt too wide) in paragraph at lines 126--126
[]|[]| 
 []


Overfull \hbox (5.2136pt too wide) in paragraph at lines 126--127
[]|[]| 
 []


Overfull \hbox (5.2136pt too wide) in paragraph at lines 128--128
[]|[]| 
 []


Overfull \hbox (5.2136pt too wide) in paragraph at lines 128--128
[]|[]| 
 []


Overfull \hbox (5.2136pt too wide) in paragraph at lines 128--128
[]|[]| 
 []


Overfull \hbox (5.2136pt too wide) in paragraph at lines 128--128
[]|[]| 
 []


Overfull \hbox (5.2136pt too wide) in paragraph at lines 128--128
[]|[]| 
 []


Overfull \hbox (5.2136pt too wide) in paragraph at lines 128--128
[]|[]| 
 []


Overfull \hbox (5.2136pt too wide) in paragraph at lines 128--129
[]|[]| 
 []


Overfull \hbox (5.2136pt too wide) in paragraph at lines 130--130
[]|[]| 
 []


Overfull \hbox (5.2136pt too wide) in paragraph at lines 130--130
[]|[]| 
 []


Overfull \hbox (5.2136pt too wide) in paragraph at lines 130--130
[]|[]| 
 []


Overfull \hbox (5.2136pt too wide) in paragraph at lines 130--130
[]|[]| 
 []


Overfull \hbox (5.2136pt too wide) in paragraph at lines 130--130
[]|[]| 
 []


Overfull \hbox (5.2136pt too wide) in paragraph at lines 130--130
[]|[]| 
 []


Overfull \hbox (5.2136pt too wide) in paragraph at lines 130--131
[]|[]| 
 []


Overfull \hbox (5.2136pt too wide) in paragraph at lines 132--132
[]|[]| 
 []


Overfull \hbox (2.55267pt too wide) in paragraph at lines 120--136
[][] 
 []

[4]
Overfull \hbox (2.55267pt too wide) in paragraph at lines 143--149
[][] 
 []


Overfull \hbox (1.18416pt too wide) in paragraph at lines 154--154
[]|[]| 
 []


Overfull \hbox (1.18416pt too wide) in paragraph at lines 154--154
[]|[]| 
 []


Overfull \hbox (1.18416pt too wide) in paragraph at lines 154--154
[]|[]| 
 []


Overfull \hbox (1.18416pt too wide) in paragraph at lines 154--154
[]|[]| 
 []


Overfull \hbox (1.18416pt too wide) in paragraph at lines 154--154
[]|[]| 
 []


Overfull \hbox (1.18416pt too wide) in paragraph at lines 154--155
[]|[]| 
 []


Overfull \hbox (1.18416pt too wide) in paragraph at lines 156--156
[]|[]| 
 []


Overfull \hbox (1.18416pt too wide) in paragraph at lines 156--156
[]|[]| 
 []


Overfull \hbox (1.18416pt too wide) in paragraph at lines 156--156
[]|[]| 
 []


Overfull \hbox (5.2136pt too wide) in paragraph at lines 156--156
[]|[]| 
 []


Overfull \hbox (5.2136pt too wide) in paragraph at lines 156--156
[]|[]| 
 []


Overfull \hbox (5.2136pt too wide) in paragraph at lines 156--156
[]|[]| 
 []


Overfull \hbox (5.2136pt too wide) in paragraph at lines 156--157
[]|[]| 
 []


Overfull \hbox (5.2136pt too wide) in paragraph at lines 158--158
[]|[]| 
 []


Overfull \hbox (5.2136pt too wide) in paragraph at lines 158--158
[]|[]| 
 []


Overfull \hbox (5.2136pt too wide) in paragraph at lines 158--158
[]|[]| 
 []


Overfull \hbox (5.2136pt too wide) in paragraph at lines 158--158
[]|[]| 
 []


Overfull \hbox (5.2136pt too wide) in paragraph at lines 158--158
[]|[]| 
 []


Overfull \hbox (5.2136pt too wide) in paragraph at lines 158--158
[]|[]| 
 []


Overfull \hbox (5.2136pt too wide) in paragraph at lines 158--159
[]|[]| 
 []


Overfull \hbox (5.2136pt too wide) in paragraph at lines 160--160
[]|[]| 
 []


Overfull \hbox (5.2136pt too wide) in paragraph at lines 160--160
[]|[]| 
 []


Overfull \hbox (5.2136pt too wide) in paragraph at lines 160--160
[]|[]| 
 []


Overfull \hbox (5.2136pt too wide) in paragraph at lines 160--160
[]|[]| 
 []


Overfull \hbox (5.2136pt too wide) in paragraph at lines 160--160
[]|[]| 
 []


Overfull \hbox (5.2136pt too wide) in paragraph at lines 160--160
[]|[]| 
 []


Overfull \hbox (5.2136pt too wide) in paragraph at lines 160--161
[]|[]| 
 []


Overfull \hbox (5.2136pt too wide) in paragraph at lines 162--162
[]|[]| 
 []


Overfull \hbox (5.2136pt too wide) in paragraph at lines 162--162
[]|[]| 
 []


Overfull \hbox (5.2136pt too wide) in paragraph at lines 162--162
[]|[]| 
 []


Overfull \hbox (5.2136pt too wide) in paragraph at lines 162--162
[]|[]| 
 []


Overfull \hbox (2.55267pt too wide) in paragraph at lines 152--166
[][] 
 []

[5]
Overfull \hbox (2.55267pt too wide) in paragraph at lines 173--179
[][] 
 []


Overfull \hbox (1.18416pt too wide) in paragraph at lines 184--184
[]|[]| 
 []


Overfull \hbox (1.18416pt too wide) in paragraph at lines 184--184
[]|[]| 
 []


Overfull \hbox (1.18416pt too wide) in paragraph at lines 184--185
[]|[]| 
 []


Overfull \hbox (1.18416pt too wide) in paragraph at lines 186--186
[]|[]| 
 []


Overfull \hbox (1.18416pt too wide) in paragraph at lines 186--186
[]|[]| 
 []


Overfull \hbox (1.18416pt too wide) in paragraph at lines 186--186
[]|[]| 
 []


Overfull \hbox (1.18416pt too wide) in paragraph at lines 186--186
[]|[]| 
 []


Overfull \hbox (1.18416pt too wide) in paragraph at lines 186--186
[]|[]| 
 []


Overfull \hbox (1.18416pt too wide) in paragraph at lines 186--186
[]|[]| 
 []


Overfull \hbox (5.2136pt too wide) in paragraph at lines 186--187
[]|[]| 
 []


Overfull \hbox (5.2136pt too wide) in paragraph at lines 188--188
[]|[]| 
 []


Overfull \hbox (5.2136pt too wide) in paragraph at lines 188--188
[]|[]| 
 []


Overfull \hbox (5.2136pt too wide) in paragraph at lines 188--188
[]|[]| 
 []


Overfull \hbox (5.2136pt too wide) in paragraph at lines 188--188
[]|[]| 
 []


Overfull \hbox (5.2136pt too wide) in paragraph at lines 188--188
[]|[]| 
 []


Overfull \hbox (5.2136pt too wide) in paragraph at lines 188--188
[]|[]| 
 []


Overfull \hbox (5.2136pt too wide) in paragraph at lines 188--189
[]|[]| 
 []


Overfull \hbox (5.2136pt too wide) in paragraph at lines 190--190
[]|[]| 
 []


Overfull \hbox (5.2136pt too wide) in paragraph at lines 190--190
[]|[]| 
 []


Overfull \hbox (5.2136pt too wide) in paragraph at lines 190--190
[]|[]| 
 []


Overfull \hbox (5.2136pt too wide) in paragraph at lines 190--190
[]|[]| 
 []


Overfull \hbox (5.2136pt too wide) in paragraph at lines 190--190
[]|[]| 
 []


Overfull \hbox (5.2136pt too wide) in paragraph at lines 190--190
[]|[]| 
 []


Overfull \hbox (5.2136pt too wide) in paragraph at lines 190--191
[]|[]| 
 []


Overfull \hbox (5.2136pt too wide) in paragraph at lines 192--192
[]|[]| 
 []


Overfull \hbox (5.2136pt too wide) in paragraph at lines 192--192
[]|[]| 
 []


Overfull \hbox (5.2136pt too wide) in paragraph at lines 192--192
[]|[]| 
 []


Overfull \hbox (5.2136pt too wide) in paragraph at lines 192--192
[]|[]| 
 []


Overfull \hbox (5.2136pt too wide) in paragraph at lines 192--192
[]|[]| 
 []


Overfull \hbox (5.2136pt too wide) in paragraph at lines 192--192
[]|[]| 
 []


Overfull \hbox (2.55267pt too wide) in paragraph at lines 182--196
[][] 
 []

[6]
Overfull \hbox (2.55267pt too wide) in paragraph at lines 203--209
[][] 
 []


Overfull \hbox (1.18416pt too wide) in paragraph at lines 214--215
[]|[]| 
 []


Overfull \hbox (1.18416pt too wide) in paragraph at lines 216--216
[]|[]| 
 []


Overfull \hbox (1.18416pt too wide) in paragraph at lines 216--216
[]|[]| 
 []


Overfull \hbox (1.18416pt too wide) in paragraph at lines 216--216
[]|[]| 
 []


Overfull \hbox (1.18416pt too wide) in paragraph at lines 216--216
[]|[]| 
 []


Overfull \hbox (1.18416pt too wide) in paragraph at lines 216--216
[]|[]| 
 []


Overfull \hbox (1.18416pt too wide) in paragraph at lines 216--216
[]|[]| 
 []


Overfull \hbox (1.18416pt too wide) in paragraph at lines 216--217
[]|[]| 
 []


Overfull \hbox (1.18416pt too wide) in paragraph at lines 218--218
[]|[]| 
 []


Overfull \hbox (5.2136pt too wide) in paragraph at lines 218--218
[]|[]| 
 []


Overfull \hbox (5.2136pt too wide) in paragraph at lines 218--218
[]|[]| 
 []


Overfull \hbox (5.2136pt too wide) in paragraph at lines 218--218
[]|[]| 
 []


Overfull \hbox (5.2136pt too wide) in paragraph at lines 218--218
[]|[]| 
 []


Overfull \hbox (5.2136pt too wide) in paragraph at lines 218--218
[]|[]| 
 []


Overfull \hbox (5.2136pt too wide) in paragraph at lines 218--219
[]|[]| 
 []


Overfull \hbox (5.2136pt too wide) in paragraph at lines 220--220
[]|[]| 
 []


Overfull \hbox (5.2136pt too wide) in paragraph at lines 220--220
[]|[]| 
 []


Overfull \hbox (5.2136pt too wide) in paragraph at lines 220--220
[]|[]| 
 []


Overfull \hbox (5.2136pt too wide) in paragraph at lines 220--220
[]|[]| 
 []


Overfull \hbox (5.2136pt too wide) in paragraph at lines 220--220
[]|[]| 
 []


Overfull \hbox (5.2136pt too wide) in paragraph at lines 220--220
[]|[]| 
 []


Overfull \hbox (5.2136pt too wide) in paragraph at lines 220--221
[]|[]| 
 []


Overfull \hbox (5.2136pt too wide) in paragraph at lines 222--222
[]|[]| 
 []


Overfull \hbox (5.2136pt too wide) in paragraph at lines 222--222
[]|[]| 
 []


Overfull \hbox (5.2136pt too wide) in paragraph at lines 222--222
[]|[]| 
 []


Overfull \hbox (5.2136pt too wide) in paragraph at lines 222--222
[]|[]| 
 []


Overfull \hbox (5.2136pt too wide) in paragraph at lines 222--222
[]|[]| 
 []


Overfull \hbox (5.2136pt too wide) in paragraph at lines 222--222
[]|[]| 
 []


Overfull \hbox (5.2136pt too wide) in paragraph at lines 222--223
[]|[]| 
 []


Overfull \hbox (5.2136pt too wide) in paragraph at lines 224--224
[]|[]| 
 []


Overfull \hbox (5.2136pt too wide) in paragraph at lines 224--224
[]|[]| 
 []


Overfull \hbox (2.55267pt too wide) in paragraph at lines 212--228
[][] 
 []

[7]
Overfull \hbox (2.55267pt too wide) in paragraph at lines 235--241
[][] 
 []


Overfull \hbox (1.18416pt too wide) in paragraph at lines 246--246
[]|[]| 
 []


Overfull \hbox (1.18416pt too wide) in paragraph at lines 246--246
[]|[]| 
 []


Overfull \hbox (1.18416pt too wide) in paragraph at lines 246--246
[]|[]| 
 []


Overfull \hbox (1.18416pt too wide) in paragraph at lines 246--246
[]|[]| 
 []


Overfull \hbox (1.18416pt too wide) in paragraph at lines 246--247
[]|[]| 
 []


Overfull \hbox (1.18416pt too wide) in paragraph at lines 248--248
[]|[]| 
 []


Overfull \hbox (1.18416pt too wide) in paragraph at lines 248--248
[]|[]| 
 []


Overfull \hbox (1.18416pt too wide) in paragraph at lines 248--248
[]|[]| 
 []


Overfull \hbox (1.18416pt too wide) in paragraph at lines 248--248
[]|[]| 
 []


Overfull \hbox (5.2136pt too wide) in paragraph at lines 248--248
[]|[]| 
 []


Overfull \hbox (5.2136pt too wide) in paragraph at lines 248--248
[]|[]| 
 []


Overfull \hbox (5.2136pt too wide) in paragraph at lines 248--249
[]|[]| 
 []


Overfull \hbox (5.2136pt too wide) in paragraph at lines 250--250
[]|[]| 
 []


Overfull \hbox (5.2136pt too wide) in paragraph at lines 250--250
[]|[]| 
 []


Overfull \hbox (5.2136pt too wide) in paragraph at lines 250--250
[]|[]| 
 []


Overfull \hbox (5.2136pt too wide) in paragraph at lines 250--250
[]|[]| 
 []


Overfull \hbox (5.2136pt too wide) in paragraph at lines 250--250
[]|[]| 
 []


Overfull \hbox (5.2136pt too wide) in paragraph at lines 250--250
[]|[]| 
 []


Overfull \hbox (5.2136pt too wide) in paragraph at lines 250--251
[]|[]| 
 []


Overfull \hbox (5.2136pt too wide) in paragraph at lines 252--252
[]|[]| 
 []


Overfull \hbox (5.2136pt too wide) in paragraph at lines 252--252
[]|[]| 
 []


Overfull \hbox (5.2136pt too wide) in paragraph at lines 252--252
[]|[]| 
 []


Overfull \hbox (5.2136pt too wide) in paragraph at lines 252--252
[]|[]| 
 []


Overfull \hbox (5.2136pt too wide) in paragraph at lines 252--252
[]|[]| 
 []


Overfull \hbox (5.2136pt too wide) in paragraph at lines 252--252
[]|[]| 
 []


Overfull \hbox (5.2136pt too wide) in paragraph at lines 252--253
[]|[]| 
 []


Overfull \hbox (5.2136pt too wide) in paragraph at lines 254--254
[]|[]| 
 []


Overfull \hbox (5.2136pt too wide) in paragraph at lines 254--254
[]|[]| 
 []


Overfull \hbox (5.2136pt too wide) in paragraph at lines 254--254
[]|[]| 
 []


Overfull \hbox (5.2136pt too wide) in paragraph at lines 254--254
[]|[]| 
 []


Overfull \hbox (5.2136pt too wide) in paragraph at lines 254--254
[]|[]| 
 []


Overfull \hbox (2.55267pt too wide) in paragraph at lines 244--258
[][] 
 []

[8]
Overfull \hbox (2.55267pt too wide) in paragraph at lines 265--271
[][] 
 []


Overfull \hbox (1.18416pt too wide) in paragraph at lines 276--276
[]|[]| 
 []


Overfull \hbox (1.18416pt too wide) in paragraph at lines 276--277
[]|[]| 
 []


Overfull \hbox (1.18416pt too wide) in paragraph at lines 278--278
[]|[]| 
 []


Overfull \hbox (1.18416pt too wide) in paragraph at lines 278--278
[]|[]| 
 []


Overfull \hbox (1.18416pt too wide) in paragraph at lines 278--278
[]|[]| 
 []


Overfull \hbox (1.18416pt too wide) in paragraph at lines 278--278
[]|[]| 
 []


Overfull \hbox (1.18416pt too wide) in paragraph at lines 278--278
[]|[]| 
 []


Overfull \hbox (1.18416pt too wide) in paragraph at lines 278--278
[]|[]| 
 []


Overfull \hbox (1.18416pt too wide) in paragraph at lines 278--279
[]|[]| 
 []


Overfull \hbox (5.2136pt too wide) in paragraph at lines 280--280
[]|[]| 
 []


Overfull \hbox (5.2136pt too wide) in paragraph at lines 280--280
[]|[]| 
 []


Overfull \hbox (5.2136pt too wide) in paragraph at lines 280--280
[]|[]| 
 []


Overfull \hbox (5.2136pt too wide) in paragraph at lines 280--280
[]|[]| 
 []


Overfull \hbox (5.2136pt too wide) in paragraph at lines 280--280
[]|[]| 
 []


Overfull \hbox (5.2136pt too wide) in paragraph at lines 280--280
[]|[]| 
 []


Overfull \hbox (5.2136pt too wide) in paragraph at lines 280--281
[]|[]| 
 []


Overfull \hbox (5.2136pt too wide) in paragraph at lines 282--282
[]|[]| 
 []


Overfull \hbox (5.2136pt too wide) in paragraph at lines 282--282
[]|[]| 
 []


Overfull \hbox (5.2136pt too wide) in paragraph at lines 282--282
[]|[]| 
 []


Overfull \hbox (5.2136pt too wide) in paragraph at lines 282--282
[]|[]| 
 []


Overfull \hbox (5.2136pt too wide) in paragraph at lines 282--282
[]|[]| 
 []


Overfull \hbox (5.2136pt too wide) in paragraph at lines 282--282
[]|[]| 
 []


Overfull \hbox (5.2136pt too wide) in paragraph at lines 282--283
[]|[]| 
 []


Overfull \hbox (5.2136pt too wide) in paragraph at lines 284--284
[]|[]| 
 []


Overfull \hbox (5.2136pt too wide) in paragraph at lines 284--284
[]|[]| 
 []


Overfull \hbox (5.2136pt too wide) in paragraph at lines 284--284
[]|[]| 
 []


Overfull \hbox (5.2136pt too wide) in paragraph at lines 284--284
[]|[]| 
 []


Overfull \hbox (5.2136pt too wide) in paragraph at lines 284--284
[]|[]| 
 []


Overfull \hbox (5.2136pt too wide) in paragraph at lines 284--284
[]|[]| 
 []


Overfull \hbox (5.2136pt too wide) in paragraph at lines 284--285
[]|[]| 
 []


Overfull \hbox (2.55267pt too wide) in paragraph at lines 274--288
[][] 
 []

[9]
Overfull \hbox (2.55267pt too wide) in paragraph at lines 295--301
[][] 
 []


Overfull \hbox (1.18416pt too wide) in paragraph at lines 306--306
[]|[]| 
 []


Overfull \hbox (1.18416pt too wide) in paragraph at lines 306--306
[]|[]| 
 []


Overfull \hbox (1.18416pt too wide) in paragraph at lines 306--306
[]|[]| 
 []


Overfull \hbox (1.18416pt too wide) in paragraph at lines 306--306
[]|[]| 
 []


Overfull \hbox (1.18416pt too wide) in paragraph at lines 306--306
[]|[]| 
 []


Overfull \hbox (1.18416pt too wide) in paragraph at lines 306--306
[]|[]| 
 []


Overfull \hbox (1.18416pt too wide) in paragraph at lines 306--307
[]|[]| 
 []


Overfull \hbox (1.18416pt too wide) in paragraph at lines 308--308
[]|[]| 
 []


Overfull \hbox (1.18416pt too wide) in paragraph at lines 308--308
[]|[]| 
 []


Overfull \hbox (5.2136pt too wide) in paragraph at lines 308--308
[]|[]| 
 []


Overfull \hbox (5.2136pt too wide) in paragraph at lines 308--308
[]|[]| 
 []


Overfull \hbox (5.2136pt too wide) in paragraph at lines 308--308
[]|[]| 
 []


Overfull \hbox (5.2136pt too wide) in paragraph at lines 308--308
[]|[]| 
 []


Overfull \hbox (5.2136pt too wide) in paragraph at lines 308--309
[]|[]| 
 []


Overfull \hbox (5.2136pt too wide) in paragraph at lines 310--310
[]|[]| 
 []


Overfull \hbox (5.2136pt too wide) in paragraph at lines 310--310
[]|[]| 
 []


Overfull \hbox (5.2136pt too wide) in paragraph at lines 310--310
[]|[]| 
 []


Overfull \hbox (5.2136pt too wide) in paragraph at lines 310--310
[]|[]| 
 []


Overfull \hbox (5.2136pt too wide) in paragraph at lines 310--310
[]|[]| 
 []


Overfull \hbox (5.2136pt too wide) in paragraph at lines 310--310
[]|[]| 
 []


Overfull \hbox (5.2136pt too wide) in paragraph at lines 310--311
[]|[]| 
 []


Overfull \hbox (5.2136pt too wide) in paragraph at lines 312--312
[]|[]| 
 []


Overfull \hbox (5.2136pt too wide) in paragraph at lines 312--312
[]|[]| 
 []


Overfull \hbox (5.2136pt too wide) in paragraph at lines 312--312
[]|[]| 
 []


Overfull \hbox (5.2136pt too wide) in paragraph at lines 312--312
[]|[]| 
 []


Overfull \hbox (5.2136pt too wide) in paragraph at lines 312--312
[]|[]| 
 []


Overfull \hbox (5.2136pt too wide) in paragraph at lines 312--312
[]|[]| 
 []


Overfull \hbox (5.2136pt too wide) in paragraph at lines 312--313
[]|[]| 
 []


Overfull \hbox (5.2136pt too wide) in paragraph at lines 314--314
[]|[]| 
 []


Overfull \hbox (5.2136pt too wide) in paragraph at lines 314--314
[]|[]| 
 []


Overfull \hbox (5.2136pt too wide) in paragraph at lines 314--314
[]|[]| 
 []


Overfull \hbox (2.55267pt too wide) in paragraph at lines 304--318
[][] 
 []

[10]
Overfull \hbox (2.55267pt too wide) in paragraph at lines 325--331
[][] 
 []


Overfull \hbox (1.18416pt too wide) in paragraph at lines 336--336
[]|[]| 
 []


Overfull \hbox (1.18416pt too wide) in paragraph at lines 336--336
[]|[]| 
 []


Overfull \hbox (1.18416pt too wide) in paragraph at lines 336--336
[]|[]| 
 []


Overfull \hbox (1.18416pt too wide) in paragraph at lines 336--337
[]|[]| 
 []


Overfull \hbox (1.18416pt too wide) in paragraph at lines 338--338
[]|[]| 
 []


Overfull \hbox (1.18416pt too wide) in paragraph at lines 338--338
[]|[]| 
 []


Overfull \hbox (1.18416pt too wide) in paragraph at lines 338--338
[]|[]| 
 []


Overfull \hbox (1.18416pt too wide) in paragraph at lines 338--338
[]|[]| 
 []


Overfull \hbox (1.18416pt too wide) in paragraph at lines 338--338
[]|[]| 
 []


Overfull \hbox (5.2136pt too wide) in paragraph at lines 338--338
[]|[]| 
 []


Overfull \hbox (5.2136pt too wide) in paragraph at lines 338--339
[]|[]| 
 []


Overfull \hbox (5.2136pt too wide) in paragraph at lines 340--340
[]|[]| 
 []


Overfull \hbox (5.2136pt too wide) in paragraph at lines 340--340
[]|[]| 
 []


Overfull \hbox (5.2136pt too wide) in paragraph at lines 340--340
[]|[]| 
 []


Overfull \hbox (5.2136pt too wide) in paragraph at lines 340--340
[]|[]| 
 []


Overfull \hbox (5.2136pt too wide) in paragraph at lines 340--340
[]|[]| 
 []


Overfull \hbox (5.2136pt too wide) in paragraph at lines 340--340
[]|[]| 
 []


Overfull \hbox (5.2136pt too wide) in paragraph at lines 340--341
[]|[]| 
 []


Overfull \hbox (5.2136pt too wide) in paragraph at lines 342--342
[]|[]| 
 []


Overfull \hbox (5.2136pt too wide) in paragraph at lines 342--342
[]|[]| 
 []


Overfull \hbox (5.2136pt too wide) in paragraph at lines 342--342
[]|[]| 
 []


Overfull \hbox (5.2136pt too wide) in paragraph at lines 342--342
[]|[]| 
 []


Overfull \hbox (5.2136pt too wide) in paragraph at lines 342--342
[]|[]| 
 []


Overfull \hbox (5.2136pt too wide) in paragraph at lines 342--342
[]|[]| 
 []


Overfull \hbox (5.2136pt too wide) in paragraph at lines 342--343
[]|[]| 
 []


Overfull \hbox (5.2136pt too wide) in paragraph at lines 344--344
[]|[]| 
 []


Overfull \hbox (5.2136pt too wide) in paragraph at lines 344--344
[]|[]| 
 []


Overfull \hbox (5.2136pt too wide) in paragraph at lines 344--344
[]|[]| 
 []


Overfull \hbox (5.2136pt too wide) in paragraph at lines 344--344
[]|[]| 
 []


Overfull \hbox (5.2136pt too wide) in paragraph at lines 344--344
[]|[]| 
 []


Overfull \hbox (2.55267pt too wide) in paragraph at lines 334--348
[][] 
 []

[11]
Overfull \hbox (2.55267pt too wide) in paragraph at lines 355--361
[][] 
 []


Overfull \hbox (1.18416pt too wide) in paragraph at lines 366--366
[]|[]| 
 []


Overfull \hbox (1.18416pt too wide) in paragraph at lines 366--367
[]|[]| 
 []


Overfull \hbox (1.18416pt too wide) in paragraph at lines 368--368
[]|[]| 
 []


Overfull \hbox (1.18416pt too wide) in paragraph at lines 368--368
[]|[]| 
 []


Overfull \hbox (1.18416pt too wide) in paragraph at lines 368--368
[]|[]| 
 []


Overfull \hbox (1.18416pt too wide) in paragraph at lines 368--368
[]|[]| 
 []


Overfull \hbox (1.18416pt too wide) in paragraph at lines 368--368
[]|[]| 
 []


Overfull \hbox (1.18416pt too wide) in paragraph at lines 368--368
[]|[]| 
 []


Overfull \hbox (1.18416pt too wide) in paragraph at lines 368--369
[]|[]| 
 []


Overfull \hbox (5.2136pt too wide) in paragraph at lines 370--370
[]|[]| 
 []


Overfull \hbox (5.2136pt too wide) in paragraph at lines 370--370
[]|[]| 
 []


Overfull \hbox (5.2136pt too wide) in paragraph at lines 370--370
[]|[]| 
 []


Overfull \hbox (5.2136pt too wide) in paragraph at lines 370--370
[]|[]| 
 []


Overfull \hbox (5.2136pt too wide) in paragraph at lines 370--370
[]|[]| 
 []


Overfull \hbox (5.2136pt too wide) in paragraph at lines 370--370
[]|[]| 
 []


Overfull \hbox (5.2136pt too wide) in paragraph at lines 370--371
[]|[]| 
 []


Overfull \hbox (5.2136pt too wide) in paragraph at lines 372--372
[]|[]| 
 []


Overfull \hbox (5.2136pt too wide) in paragraph at lines 372--372
[]|[]| 
 []


Overfull \hbox (5.2136pt too wide) in paragraph at lines 372--372
[]|[]| 
 []


Overfull \hbox (5.2136pt too wide) in paragraph at lines 372--372
[]|[]| 
 []


Overfull \hbox (5.2136pt too wide) in paragraph at lines 372--372
[]|[]| 
 []


Overfull \hbox (5.2136pt too wide) in paragraph at lines 372--372
[]|[]| 
 []


Overfull \hbox (5.2136pt too wide) in paragraph at lines 372--373
[]|[]| 
 []


Overfull \hbox (5.2136pt too wide) in paragraph at lines 374--374
[]|[]| 
 []


Overfull \hbox (5.2136pt too wide) in paragraph at lines 374--374
[]|[]| 
 []


Overfull \hbox (5.2136pt too wide) in paragraph at lines 374--374
[]|[]| 
 []


Overfull \hbox (5.2136pt too wide) in paragraph at lines 374--374
[]|[]| 
 []


Overfull \hbox (5.2136pt too wide) in paragraph at lines 374--374
[]|[]| 
 []


Overfull \hbox (5.2136pt too wide) in paragraph at lines 374--374
[]|[]| 
 []


Overfull \hbox (5.2136pt too wide) in paragraph at lines 374--375
[]|[]| 
 []


Overfull \hbox (5.2136pt too wide) in paragraph at lines 376--376
[]|[]| 
 []


Overfull \hbox (2.55267pt too wide) in paragraph at lines 364--380
[][] 
 []

[12] (./calender.aux) ) 
Here is how much of TeX's memory you used:
 1003 strings out of 493683
 12767 string characters out of 6152641
 82983 words of memory out of 5000000
 4624 multiletter control sequences out of 15000+600000
 10303 words of font info for 47 fonts, out of 8000000 for 9000
 934 hyphenation exceptions out of 8191
 23i,10n,19p,303b,273s stack positions out of 5000i,500n,10000p,200000b,80000s

Output written on calender.dvi (12 pages, 23404 bytes).
