This is e-pTeX, Version 3.14159265-p3.7-160201-2.6 (utf8.sjis) (TeX Live 2016/W32TeX) (preloaded format=platex 2018.10.14)  1 JAN 2023 02:22
entering extended mode
 restricted \write18 enabled.
 %&-line parsing enabled.
**./calendar.tex
(./calendar.tex
pLaTeX2e <2016/11/29> (based on LaTeX2e <2016/03/31> patch level 3)
Babel <3.9r> and hyphenation patterns for 83 language(s) loaded.
(c:/texlive/2016/texmf-dist/tex/platex/jsclasses/jsarticle.cls
Document Class: jsarticle 2016/12/13 okumura, texjporg
\stockwidth=\dimen118
\stockheight=\dimen119
\jsc@mpt=\dimen120
\jsc@mmm=\dimen121
\jsc@smallskipamount=\skip41
LaTeX Info: Redefining \rmfamily on input line 462.
LaTeX Info: Redefining \sffamily on input line 465.
LaTeX Info: Redefining \ttfamily on input line 468.
LaTeX Info: Redefining \textmc on input line 471.
LaTeX Info: Redefining \textgt on input line 473.
\symmincho=\mathgroup4
LaTeX Font Info:    Overwriting symbol font `mincho' in version `bold'
(Font)                  JY1/mc/m/n --> JY1/gt/m/n on input line 534.
LaTeX Font Info:    Font shape `JT1/mc/m/n' will be
(Font)              scaled to size 9.60999pt on input line 725.
LaTeX Font Info:    Font shape `JY1/mc/m/n' will be
(Font)              scaled to size 9.60999pt on input line 725.
\fullwidth=\dimen122
LaTeX Font Info:    Font shape `JT1/mc/m/n' will be
(Font)              scaled to size 7.68799pt on input line 877.
LaTeX Font Info:    Font shape `JY1/mc/m/n' will be
(Font)              scaled to size 7.68799pt on input line 877.
\c@part=\count82
\c@section=\count83
\c@subsection=\count84
\c@subsubsection=\count85
\c@paragraph=\count86
\c@subparagraph=\count87
\@abstractbox=\box41
\c@figure=\count88
\c@table=\count89
\abovecaptionskip=\skip42
\belowcaptionskip=\skip43
\jsc@tocl@width=\dimen123
\@lnumwidth=\dimen124
\bibindent=\dimen125
(c:/texlive/2016/texmf-dist/tex/platex/jsclasses/jslogo.sty
Package: jslogo 2016/07/14 okumura, texjporg
LaTeX Info: Redefining \TeX on input line 94.
LaTeX Info: Redefining \LaTeX on input line 147.
LaTeX Info: Redefining \LaTeXe on input line 200.
)
\heisei=\count90
)
(c:/texlive/2016/texmf-dist/tex/latex/geometry/geometry.sty
Package: geometry 2010/09/12 v5.6 Page Geometry

(c:/texlive/2016/texmf-dist/tex/latex/graphics/keyval.sty
Package: keyval 2014/10/28 v1.15 key=value parser (DPC)
\KV@toks@=\toks15
)
(c:/texlive/2016/texmf-dist/tex/generic/oberdiek/ifpdf.sty
Package: ifpdf 2016/05/14 v3.1 Provides the ifpdf switch
)
(c:/texlive/2016/texmf-dist/tex/generic/oberdiek/ifvtex.sty
Package: ifvtex 2016/05/16 v1.6 Detect VTeX and its facilities (HO)
Package ifvtex Info: VTeX not detected.
)
(c:/texlive/2016/texmf-dist/tex/generic/ifxetex/ifxetex.sty
Package: ifxetex 2010/09/12 v0.6 Provides ifxetex conditional
)
\Gm@cnth=\count91
\Gm@cntv=\count92
\c@Gm@tempcnt=\count93
\Gm@bindingoffset=\dimen126
\Gm@wd@mp=\dimen127
\Gm@odd@mp=\dimen128
\Gm@even@mp=\dimen129
\Gm@layoutwidth=\dimen130
\Gm@layoutheight=\dimen131
\Gm@layouthoffset=\dimen132
\Gm@layoutvoffset=\dimen133
\Gm@dimlist=\toks16
)
(c:/texlive/2016/texmf-dist/tex/latex/tools/array.sty
Package: array 2014/10/28 v2.4c Tabular extension package (FMi)
\col@sep=\dimen134
\extrarowheight=\dimen135
\NC@list=\toks17
\extratabsurround=\skip44
\backup@length=\skip45
)
(c:/texlive/2016/texmf-dist/tex/latex/graphics/color.sty
Package: color 2016/07/10 v1.1e Standard LaTeX Color (DPC)

(c:/texlive/2016/texmf-dist/tex/latex/graphics-cfg/color.cfg
File: color.cfg 2016/01/02 v1.6 sample color configuration
)
Package color Info: Driver file: dvips.def on input line 147.

(c:/texlive/2016/texmf-dist/tex/latex/graphics-def/dvips.def
File: dvips.def 2016/07/10 v3.1a Driver-dependent file (DPC,SPQR)
)
(c:/texlive/2016/texmf-dist/tex/latex/graphics/dvipsnam.def
File: dvipsnam.def 2016/06/17 v3.0m Driver-dependent file (DPC,SPQR)
)) (./calendar.aux)
\openout1 = `calendar.aux'.

LaTeX Font Info:    Checking defaults for OML/cmm/m/it on input line 11.
LaTeX Font Info:    ... okay on input line 11.
LaTeX Font Info:    Checking defaults for T1/cmr/m/n on input line 11.
LaTeX Font Info:    ... okay on input line 11.
LaTeX Font Info:    Checking defaults for OT1/cmr/m/n on input line 11.
LaTeX Font Info:    ... okay on input line 11.
LaTeX Font Info:    Checking defaults for OMS/cmsy/m/n on input line 11.
LaTeX Font Info:    ... okay on input line 11.
LaTeX Font Info:    Checking defaults for OMX/cmex/m/n on input line 11.
LaTeX Font Info:    ... okay on input line 11.
LaTeX Font Info:    Checking defaults for U/cmr/m/n on input line 11.
LaTeX Font Info:    ... okay on input line 11.
LaTeX Font Info:    Checking defaults for JY1/mc/m/n on input line 11.
LaTeX Font Info:    ... okay on input line 11.
LaTeX Font Info:    Checking defaults for JT1/mc/m/n on input line 11.
LaTeX Font Info:    ... okay on input line 11.

*geometry* driver: auto-detecting
*geometry* detected driver: dvips
*geometry* verbose mode - [ preamble ] result:
* driver: dvips
* paper: a4paper
* layout: <same size as paper>
* layoutoffset:(h,v)=(0.0pt,0.0pt)
* modes: landscape includefoot 
* h-part:(L,W,R)=(56.9055pt, 731.23584pt, 56.9055pt)
* v-part:(T,H,B)=(56.9055pt, 512.14963pt, 28.45274pt)
* \paperwidth=845.04684pt
* \paperheight=597.50787pt
* \textwidth=731.23584pt
* \textheight=492.02788pt
* \oddsidemargin=-15.36449pt
* \evensidemargin=-15.36449pt
* \topmargin=-42.72551pt
* \headheight=20.0pt
* \headsep=7.36102pt
* \topskip=12.76073pt
* \footskip=20.12175pt
* \marginparwidth=55.48123pt
* \marginparsep=18.49374pt
* \columnsep=18.49374pt
* \skip\footins=16.0pt plus 5.0pt minus 2.0pt
* \hoffset=0.0pt
* \voffset=0.0pt
* \mag=1000
* \@twocolumnfalse
* \@twosidefalse
* \@mparswitchfalse
* \@reversemarginfalse
* (1in=72.27pt=25.4mm, 1cm=28.453pt)

LaTeX Font Info:    Font shape `JT1/mc/m/n' will be
(Font)              scaled to size 28.82996pt on input line 16.
LaTeX Font Info:    Font shape `JY1/mc/m/n' will be
(Font)              scaled to size 28.82996pt on input line 16.

LaTeX Font Warning: Font shape `OT1/cmr/m/n' in size <30> not available
(Font)              size <24.88> substituted on input line 16.

LaTeX Font Info:    Font shape `JT1/mc/m/n' will be
(Font)              scaled to size 19.9311pt on input line 17.
LaTeX Font Info:    Font shape `JY1/mc/m/n' will be
(Font)              scaled to size 19.9311pt on input line 17.
LaTeX Font Info:    Font shape `JT1/mc/m/n' will be
(Font)              scaled to size 11.53198pt on input line 18.
LaTeX Font Info:    Font shape `JY1/mc/m/n' will be
(Font)              scaled to size 11.53198pt on input line 18.
LaTeX Font Info:    External font `cmex10' loaded for size
(Font)              <7> on input line 23.
LaTeX Font Info:    External font `cmex10' loaded for size
(Font)              <5> on input line 23.
LaTeX Font Info:    Font shape `JY1/mc/m/n' will be
(Font)              scaled to size 6.72699pt on input line 23.
LaTeX Font Info:    Font shape `JY1/mc/m/n' will be
(Font)              scaled to size 4.805pt on input line 23.

Overfull \hbox (2.55267pt too wide) in paragraph at lines 23--29
[][] 
 []

LaTeX Font Info:    Font shape `JT1/mc/m/n' will be
(Font)              scaled to size 16.60605pt on input line 34.
LaTeX Font Info:    Font shape `JY1/mc/m/n' will be
(Font)              scaled to size 16.60605pt on input line 34.
LaTeX Font Info:    Font shape `JT1/mc/bx/n' in size <17.28> not available
(Font)              Font shape `JT1/gt/m/n' tried instead on input line 34.
LaTeX Font Info:    Font shape `JT1/gt/m/n' will be
(Font)              scaled to size 16.60605pt on input line 34.
LaTeX Font Info:    Font shape `JY1/mc/bx/n' in size <17.28> not available
(Font)              Font shape `JY1/gt/m/n' tried instead on input line 34.
LaTeX Font Info:    Font shape `JY1/gt/m/n' will be
(Font)              scaled to size 16.60605pt on input line 34.

Overfull \hbox (1.18416pt too wide) in paragraph at lines 34--34
[]|[]| 
 []


Overfull \hbox (1.18416pt too wide) in paragraph at lines 34--34
[]|[]| 
 []


Overfull \hbox (1.18416pt too wide) in paragraph at lines 34--34
[]|[]| 
 []


Overfull \hbox (1.18416pt too wide) in paragraph at lines 34--34
[]|[]| 
 []


Overfull \hbox (1.18416pt too wide) in paragraph at lines 34--34
[]|[]| 
 []


Overfull \hbox (1.18416pt too wide) in paragraph at lines 34--34
[]|[]| 
 []


Overfull \hbox (1.18416pt too wide) in paragraph at lines 34--35
[]|[]| 
 []


Overfull \hbox (1.18416pt too wide) in paragraph at lines 36--36
[]|[]| 
 []


Overfull \hbox (1.18416pt too wide) in paragraph at lines 36--36
[]|[]| 
 []


Overfull \hbox (5.2136pt too wide) in paragraph at lines 36--36
[]|[]| 
 []


Overfull \hbox (5.2136pt too wide) in paragraph at lines 36--36
[]|[]| 
 []


Overfull \hbox (5.2136pt too wide) in paragraph at lines 36--36
[]|[]| 
 []


Overfull \hbox (5.2136pt too wide) in paragraph at lines 36--36
[]|[]| 
 []


Overfull \hbox (5.2136pt too wide) in paragraph at lines 36--37
[]|[]| 
 []


Overfull \hbox (5.2136pt too wide) in paragraph at lines 38--38
[]|[]| 
 []


Overfull \hbox (5.2136pt too wide) in paragraph at lines 38--38
[]|[]| 
 []


Overfull \hbox (5.2136pt too wide) in paragraph at lines 38--38
[]|[]| 
 []


Overfull \hbox (5.2136pt too wide) in paragraph at lines 38--38
[]|[]| 
 []


Overfull \hbox (5.2136pt too wide) in paragraph at lines 38--38
[]|[]| 
 []


Overfull \hbox (5.2136pt too wide) in paragraph at lines 38--38
[]|[]| 
 []


Overfull \hbox (5.2136pt too wide) in paragraph at lines 38--39
[]|[]| 
 []


Overfull \hbox (5.2136pt too wide) in paragraph at lines 40--40
[]|[]| 
 []


Overfull \hbox (5.2136pt too wide) in paragraph at lines 40--40
[]|[]| 
 []


Overfull \hbox (5.2136pt too wide) in paragraph at lines 40--40
[]|[]| 
 []


Overfull \hbox (5.2136pt too wide) in paragraph at lines 40--40
[]|[]| 
 []


Overfull \hbox (5.2136pt too wide) in paragraph at lines 40--40
[]|[]| 
 []


Overfull \hbox (5.2136pt too wide) in paragraph at lines 40--40
[]|[]| 
 []


Overfull \hbox (5.2136pt too wide) in paragraph at lines 40--41
[]|[]| 
 []


Overfull \hbox (5.2136pt too wide) in paragraph at lines 42--42
[]|[]| 
 []


Overfull \hbox (5.2136pt too wide) in paragraph at lines 42--42
[]|[]| 
 []


Overfull \hbox (5.2136pt too wide) in paragraph at lines 42--42
[]|[]| 
 []


Overfull \hbox (2.55267pt too wide) in paragraph at lines 32--46
[][] 
 []

[1

]
Overfull \hbox (2.55267pt too wide) in paragraph at lines 57--63
[][] 
 []


Overfull \hbox (1.18416pt too wide) in paragraph at lines 68--68
[]|[]| 
 []


Overfull \hbox (1.18416pt too wide) in paragraph at lines 68--68
[]|[]| 
 []


Overfull \hbox (1.18416pt too wide) in paragraph at lines 68--68
[]|[]| 
 []


Overfull \hbox (1.18416pt too wide) in paragraph at lines 68--69
[]|[]| 
 []


Overfull \hbox (1.18416pt too wide) in paragraph at lines 70--70
[]|[]| 
 []


Overfull \hbox (1.18416pt too wide) in paragraph at lines 70--70
[]|[]| 
 []


Overfull \hbox (1.18416pt too wide) in paragraph at lines 70--70
[]|[]| 
 []


Overfull \hbox (1.18416pt too wide) in paragraph at lines 70--70
[]|[]| 
 []


Overfull \hbox (1.18416pt too wide) in paragraph at lines 70--70
[]|[]| 
 []


Overfull \hbox (5.2136pt too wide) in paragraph at lines 70--70
[]|[]| 
 []


Overfull \hbox (5.2136pt too wide) in paragraph at lines 70--71
[]|[]| 
 []


Overfull \hbox (5.2136pt too wide) in paragraph at lines 72--72
[]|[]| 
 []


Overfull \hbox (5.2136pt too wide) in paragraph at lines 72--72
[]|[]| 
 []


Overfull \hbox (5.2136pt too wide) in paragraph at lines 72--72
[]|[]| 
 []


Overfull \hbox (5.2136pt too wide) in paragraph at lines 72--72
[]|[]| 
 []


Overfull \hbox (5.2136pt too wide) in paragraph at lines 72--72
[]|[]| 
 []


Overfull \hbox (5.2136pt too wide) in paragraph at lines 72--72
[]|[]| 
 []


Overfull \hbox (5.2136pt too wide) in paragraph at lines 72--73
[]|[]| 
 []


Overfull \hbox (5.2136pt too wide) in paragraph at lines 74--74
[]|[]| 
 []


Overfull \hbox (5.2136pt too wide) in paragraph at lines 74--74
[]|[]| 
 []


Overfull \hbox (5.2136pt too wide) in paragraph at lines 74--74
[]|[]| 
 []


Overfull \hbox (5.2136pt too wide) in paragraph at lines 74--74
[]|[]| 
 []


Overfull \hbox (5.2136pt too wide) in paragraph at lines 74--74
[]|[]| 
 []


Overfull \hbox (5.2136pt too wide) in paragraph at lines 74--74
[]|[]| 
 []


Overfull \hbox (5.2136pt too wide) in paragraph at lines 74--75
[]|[]| 
 []


Overfull \hbox (5.2136pt too wide) in paragraph at lines 76--76
[]|[]| 
 []


Overfull \hbox (5.2136pt too wide) in paragraph at lines 76--76
[]|[]| 
 []


Overfull \hbox (5.2136pt too wide) in paragraph at lines 76--76
[]|[]| 
 []


Overfull \hbox (2.55267pt too wide) in paragraph at lines 66--80
[][] 
 []

[2]
Overfull \hbox (2.55267pt too wide) in paragraph at lines 91--97
[][] 
 []


Overfull \hbox (1.18416pt too wide) in paragraph at lines 102--102
[]|[]| 
 []


Overfull \hbox (1.18416pt too wide) in paragraph at lines 102--102
[]|[]| 
 []


Overfull \hbox (1.18416pt too wide) in paragraph at lines 102--102
[]|[]| 
 []


Overfull \hbox (1.18416pt too wide) in paragraph at lines 102--103
[]|[]| 
 []


Overfull \hbox (1.18416pt too wide) in paragraph at lines 104--104
[]|[]| 
 []


Overfull \hbox (1.18416pt too wide) in paragraph at lines 104--104
[]|[]| 
 []


Overfull \hbox (1.18416pt too wide) in paragraph at lines 104--104
[]|[]| 
 []


Overfull \hbox (1.18416pt too wide) in paragraph at lines 104--104
[]|[]| 
 []


Overfull \hbox (1.18416pt too wide) in paragraph at lines 104--104
[]|[]| 
 []


Overfull \hbox (5.2136pt too wide) in paragraph at lines 104--104
[]|[]| 
 []


Overfull \hbox (5.2136pt too wide) in paragraph at lines 104--105
[]|[]| 
 []


Overfull \hbox (5.2136pt too wide) in paragraph at lines 106--106
[]|[]| 
 []


Overfull \hbox (5.2136pt too wide) in paragraph at lines 106--106
[]|[]| 
 []


Overfull \hbox (5.2136pt too wide) in paragraph at lines 106--106
[]|[]| 
 []


Overfull \hbox (5.2136pt too wide) in paragraph at lines 106--106
[]|[]| 
 []


Overfull \hbox (5.2136pt too wide) in paragraph at lines 106--106
[]|[]| 
 []


Overfull \hbox (5.2136pt too wide) in paragraph at lines 106--106
[]|[]| 
 []


Overfull \hbox (5.2136pt too wide) in paragraph at lines 106--107
[]|[]| 
 []


Overfull \hbox (5.2136pt too wide) in paragraph at lines 108--108
[]|[]| 
 []


Overfull \hbox (5.2136pt too wide) in paragraph at lines 108--108
[]|[]| 
 []


Overfull \hbox (5.2136pt too wide) in paragraph at lines 108--108
[]|[]| 
 []


Overfull \hbox (5.2136pt too wide) in paragraph at lines 108--108
[]|[]| 
 []


Overfull \hbox (5.2136pt too wide) in paragraph at lines 108--108
[]|[]| 
 []


Overfull \hbox (5.2136pt too wide) in paragraph at lines 108--108
[]|[]| 
 []


Overfull \hbox (5.2136pt too wide) in paragraph at lines 108--109
[]|[]| 
 []


Overfull \hbox (5.2136pt too wide) in paragraph at lines 110--110
[]|[]| 
 []


Overfull \hbox (5.2136pt too wide) in paragraph at lines 110--110
[]|[]| 
 []


Overfull \hbox (5.2136pt too wide) in paragraph at lines 110--110
[]|[]| 
 []


Overfull \hbox (5.2136pt too wide) in paragraph at lines 110--110
[]|[]| 
 []


Overfull \hbox (5.2136pt too wide) in paragraph at lines 110--110
[]|[]| 
 []


Overfull \hbox (5.2136pt too wide) in paragraph at lines 110--110
[]|[]| 
 []


Overfull \hbox (2.55267pt too wide) in paragraph at lines 100--114
[][] 
 []

[3]
Overfull \hbox (2.55267pt too wide) in paragraph at lines 125--131
[][] 
 []


Overfull \hbox (1.18416pt too wide) in paragraph at lines 136--137
[]|[]| 
 []


Overfull \hbox (1.18416pt too wide) in paragraph at lines 138--138
[]|[]| 
 []


Overfull \hbox (1.18416pt too wide) in paragraph at lines 138--138
[]|[]| 
 []


Overfull \hbox (1.18416pt too wide) in paragraph at lines 138--138
[]|[]| 
 []


Overfull \hbox (1.18416pt too wide) in paragraph at lines 138--138
[]|[]| 
 []


Overfull \hbox (1.18416pt too wide) in paragraph at lines 138--138
[]|[]| 
 []


Overfull \hbox (1.18416pt too wide) in paragraph at lines 138--138
[]|[]| 
 []


Overfull \hbox (1.18416pt too wide) in paragraph at lines 138--139
[]|[]| 
 []


Overfull \hbox (1.18416pt too wide) in paragraph at lines 140--140
[]|[]| 
 []


Overfull \hbox (5.2136pt too wide) in paragraph at lines 140--140
[]|[]| 
 []


Overfull \hbox (5.2136pt too wide) in paragraph at lines 140--140
[]|[]| 
 []


Overfull \hbox (5.2136pt too wide) in paragraph at lines 140--140
[]|[]| 
 []


Overfull \hbox (5.2136pt too wide) in paragraph at lines 140--140
[]|[]| 
 []


Overfull \hbox (5.2136pt too wide) in paragraph at lines 140--140
[]|[]| 
 []


Overfull \hbox (5.2136pt too wide) in paragraph at lines 140--141
[]|[]| 
 []


Overfull \hbox (5.2136pt too wide) in paragraph at lines 142--142
[]|[]| 
 []


Overfull \hbox (5.2136pt too wide) in paragraph at lines 142--142
[]|[]| 
 []


Overfull \hbox (5.2136pt too wide) in paragraph at lines 142--142
[]|[]| 
 []


Overfull \hbox (5.2136pt too wide) in paragraph at lines 142--142
[]|[]| 
 []


Overfull \hbox (5.2136pt too wide) in paragraph at lines 142--142
[]|[]| 
 []


Overfull \hbox (5.2136pt too wide) in paragraph at lines 142--142
[]|[]| 
 []


Overfull \hbox (5.2136pt too wide) in paragraph at lines 142--143
[]|[]| 
 []


Overfull \hbox (5.2136pt too wide) in paragraph at lines 144--144
[]|[]| 
 []


Overfull \hbox (5.2136pt too wide) in paragraph at lines 144--144
[]|[]| 
 []


Overfull \hbox (5.2136pt too wide) in paragraph at lines 144--144
[]|[]| 
 []


Overfull \hbox (5.2136pt too wide) in paragraph at lines 144--144
[]|[]| 
 []


Overfull \hbox (5.2136pt too wide) in paragraph at lines 144--144
[]|[]| 
 []


Overfull \hbox (5.2136pt too wide) in paragraph at lines 144--144
[]|[]| 
 []


Overfull \hbox (5.2136pt too wide) in paragraph at lines 144--145
[]|[]| 
 []


Overfull \hbox (5.2136pt too wide) in paragraph at lines 146--146
[]|[]| 
 []


Overfull \hbox (2.55267pt too wide) in paragraph at lines 134--150
[][] 
 []

[4]
Overfull \hbox (2.55267pt too wide) in paragraph at lines 161--167
[][] 
 []


Overfull \hbox (1.18416pt too wide) in paragraph at lines 172--172
[]|[]| 
 []


Overfull \hbox (1.18416pt too wide) in paragraph at lines 172--172
[]|[]| 
 []


Overfull \hbox (1.18416pt too wide) in paragraph at lines 172--172
[]|[]| 
 []


Overfull \hbox (1.18416pt too wide) in paragraph at lines 172--172
[]|[]| 
 []


Overfull \hbox (1.18416pt too wide) in paragraph at lines 172--172
[]|[]| 
 []


Overfull \hbox (1.18416pt too wide) in paragraph at lines 172--173
[]|[]| 
 []


Overfull \hbox (1.18416pt too wide) in paragraph at lines 174--174
[]|[]| 
 []


Overfull \hbox (1.18416pt too wide) in paragraph at lines 174--174
[]|[]| 
 []


Overfull \hbox (1.18416pt too wide) in paragraph at lines 174--174
[]|[]| 
 []


Overfull \hbox (5.2136pt too wide) in paragraph at lines 174--174
[]|[]| 
 []


Overfull \hbox (5.2136pt too wide) in paragraph at lines 174--174
[]|[]| 
 []


Overfull \hbox (5.2136pt too wide) in paragraph at lines 174--174
[]|[]| 
 []


Overfull \hbox (5.2136pt too wide) in paragraph at lines 174--175
[]|[]| 
 []


Overfull \hbox (5.2136pt too wide) in paragraph at lines 176--176
[]|[]| 
 []


Overfull \hbox (5.2136pt too wide) in paragraph at lines 176--176
[]|[]| 
 []


Overfull \hbox (5.2136pt too wide) in paragraph at lines 176--176
[]|[]| 
 []


Overfull \hbox (5.2136pt too wide) in paragraph at lines 176--176
[]|[]| 
 []


Overfull \hbox (5.2136pt too wide) in paragraph at lines 176--176
[]|[]| 
 []


Overfull \hbox (5.2136pt too wide) in paragraph at lines 176--176
[]|[]| 
 []


Overfull \hbox (5.2136pt too wide) in paragraph at lines 176--177
[]|[]| 
 []


Overfull \hbox (5.2136pt too wide) in paragraph at lines 178--178
[]|[]| 
 []


Overfull \hbox (5.2136pt too wide) in paragraph at lines 178--178
[]|[]| 
 []


Overfull \hbox (5.2136pt too wide) in paragraph at lines 178--178
[]|[]| 
 []


Overfull \hbox (5.2136pt too wide) in paragraph at lines 178--178
[]|[]| 
 []


Overfull \hbox (5.2136pt too wide) in paragraph at lines 178--178
[]|[]| 
 []


Overfull \hbox (5.2136pt too wide) in paragraph at lines 178--178
[]|[]| 
 []


Overfull \hbox (5.2136pt too wide) in paragraph at lines 178--179
[]|[]| 
 []


Overfull \hbox (5.2136pt too wide) in paragraph at lines 180--180
[]|[]| 
 []


Overfull \hbox (5.2136pt too wide) in paragraph at lines 180--180
[]|[]| 
 []


Overfull \hbox (5.2136pt too wide) in paragraph at lines 180--180
[]|[]| 
 []


Overfull \hbox (5.2136pt too wide) in paragraph at lines 180--180
[]|[]| 
 []


Overfull \hbox (2.55267pt too wide) in paragraph at lines 170--184
[][] 
 []

[5]
Overfull \hbox (2.55267pt too wide) in paragraph at lines 195--201
[][] 
 []


Overfull \hbox (1.18416pt too wide) in paragraph at lines 206--206
[]|[]| 
 []


Overfull \hbox (1.18416pt too wide) in paragraph at lines 206--206
[]|[]| 
 []


Overfull \hbox (1.18416pt too wide) in paragraph at lines 206--207
[]|[]| 
 []


Overfull \hbox (1.18416pt too wide) in paragraph at lines 208--208
[]|[]| 
 []


Overfull \hbox (1.18416pt too wide) in paragraph at lines 208--208
[]|[]| 
 []


Overfull \hbox (1.18416pt too wide) in paragraph at lines 208--208
[]|[]| 
 []


Overfull \hbox (1.18416pt too wide) in paragraph at lines 208--208
[]|[]| 
 []


Overfull \hbox (1.18416pt too wide) in paragraph at lines 208--208
[]|[]| 
 []


Overfull \hbox (1.18416pt too wide) in paragraph at lines 208--208
[]|[]| 
 []


Overfull \hbox (5.2136pt too wide) in paragraph at lines 208--209
[]|[]| 
 []


Overfull \hbox (5.2136pt too wide) in paragraph at lines 210--210
[]|[]| 
 []


Overfull \hbox (5.2136pt too wide) in paragraph at lines 210--210
[]|[]| 
 []


Overfull \hbox (5.2136pt too wide) in paragraph at lines 210--210
[]|[]| 
 []


Overfull \hbox (5.2136pt too wide) in paragraph at lines 210--210
[]|[]| 
 []


Overfull \hbox (5.2136pt too wide) in paragraph at lines 210--210
[]|[]| 
 []


Overfull \hbox (5.2136pt too wide) in paragraph at lines 210--210
[]|[]| 
 []


Overfull \hbox (5.2136pt too wide) in paragraph at lines 210--211
[]|[]| 
 []


Overfull \hbox (5.2136pt too wide) in paragraph at lines 212--212
[]|[]| 
 []


Overfull \hbox (5.2136pt too wide) in paragraph at lines 212--212
[]|[]| 
 []


Overfull \hbox (5.2136pt too wide) in paragraph at lines 212--212
[]|[]| 
 []


Overfull \hbox (5.2136pt too wide) in paragraph at lines 212--212
[]|[]| 
 []


Overfull \hbox (5.2136pt too wide) in paragraph at lines 212--212
[]|[]| 
 []


Overfull \hbox (5.2136pt too wide) in paragraph at lines 212--212
[]|[]| 
 []


Overfull \hbox (5.2136pt too wide) in paragraph at lines 212--213
[]|[]| 
 []


Overfull \hbox (5.2136pt too wide) in paragraph at lines 214--214
[]|[]| 
 []


Overfull \hbox (5.2136pt too wide) in paragraph at lines 214--214
[]|[]| 
 []


Overfull \hbox (5.2136pt too wide) in paragraph at lines 214--214
[]|[]| 
 []


Overfull \hbox (5.2136pt too wide) in paragraph at lines 214--214
[]|[]| 
 []


Overfull \hbox (5.2136pt too wide) in paragraph at lines 214--214
[]|[]| 
 []


Overfull \hbox (5.2136pt too wide) in paragraph at lines 214--214
[]|[]| 
 []


Overfull \hbox (2.55267pt too wide) in paragraph at lines 204--218
[][] 
 []

[6]
Overfull \hbox (2.55267pt too wide) in paragraph at lines 229--235
[][] 
 []


Overfull \hbox (1.18416pt too wide) in paragraph at lines 240--241
[]|[]| 
 []


Overfull \hbox (1.18416pt too wide) in paragraph at lines 242--242
[]|[]| 
 []


Overfull \hbox (1.18416pt too wide) in paragraph at lines 242--242
[]|[]| 
 []


Overfull \hbox (1.18416pt too wide) in paragraph at lines 242--242
[]|[]| 
 []


Overfull \hbox (1.18416pt too wide) in paragraph at lines 242--242
[]|[]| 
 []


Overfull \hbox (1.18416pt too wide) in paragraph at lines 242--242
[]|[]| 
 []


Overfull \hbox (1.18416pt too wide) in paragraph at lines 242--242
[]|[]| 
 []


Overfull \hbox (1.18416pt too wide) in paragraph at lines 242--243
[]|[]| 
 []


Overfull \hbox (1.18416pt too wide) in paragraph at lines 244--244
[]|[]| 
 []


Overfull \hbox (5.2136pt too wide) in paragraph at lines 244--244
[]|[]| 
 []


Overfull \hbox (5.2136pt too wide) in paragraph at lines 244--244
[]|[]| 
 []


Overfull \hbox (5.2136pt too wide) in paragraph at lines 244--244
[]|[]| 
 []


Overfull \hbox (5.2136pt too wide) in paragraph at lines 244--244
[]|[]| 
 []


Overfull \hbox (5.2136pt too wide) in paragraph at lines 244--244
[]|[]| 
 []


Overfull \hbox (5.2136pt too wide) in paragraph at lines 244--245
[]|[]| 
 []


Overfull \hbox (5.2136pt too wide) in paragraph at lines 246--246
[]|[]| 
 []


Overfull \hbox (5.2136pt too wide) in paragraph at lines 246--246
[]|[]| 
 []


Overfull \hbox (5.2136pt too wide) in paragraph at lines 246--246
[]|[]| 
 []


Overfull \hbox (5.2136pt too wide) in paragraph at lines 246--246
[]|[]| 
 []


Overfull \hbox (5.2136pt too wide) in paragraph at lines 246--246
[]|[]| 
 []


Overfull \hbox (5.2136pt too wide) in paragraph at lines 246--246
[]|[]| 
 []


Overfull \hbox (5.2136pt too wide) in paragraph at lines 246--247
[]|[]| 
 []


Overfull \hbox (5.2136pt too wide) in paragraph at lines 248--248
[]|[]| 
 []


Overfull \hbox (5.2136pt too wide) in paragraph at lines 248--248
[]|[]| 
 []


Overfull \hbox (5.2136pt too wide) in paragraph at lines 248--248
[]|[]| 
 []


Overfull \hbox (5.2136pt too wide) in paragraph at lines 248--248
[]|[]| 
 []


Overfull \hbox (5.2136pt too wide) in paragraph at lines 248--248
[]|[]| 
 []


Overfull \hbox (5.2136pt too wide) in paragraph at lines 248--248
[]|[]| 
 []


Overfull \hbox (5.2136pt too wide) in paragraph at lines 248--249
[]|[]| 
 []


Overfull \hbox (5.2136pt too wide) in paragraph at lines 250--250
[]|[]| 
 []


Overfull \hbox (5.2136pt too wide) in paragraph at lines 250--250
[]|[]| 
 []


Overfull \hbox (2.55267pt too wide) in paragraph at lines 238--254
[][] 
 []

[7]
Overfull \hbox (2.55267pt too wide) in paragraph at lines 265--271
[][] 
 []


Overfull \hbox (1.18416pt too wide) in paragraph at lines 276--276
[]|[]| 
 []


Overfull \hbox (1.18416pt too wide) in paragraph at lines 276--276
[]|[]| 
 []


Overfull \hbox (1.18416pt too wide) in paragraph at lines 276--276
[]|[]| 
 []


Overfull \hbox (1.18416pt too wide) in paragraph at lines 276--276
[]|[]| 
 []


Overfull \hbox (1.18416pt too wide) in paragraph at lines 276--277
[]|[]| 
 []


Overfull \hbox (1.18416pt too wide) in paragraph at lines 278--278
[]|[]| 
 []


Overfull \hbox (1.18416pt too wide) in paragraph at lines 278--278
[]|[]| 
 []


Overfull \hbox (1.18416pt too wide) in paragraph at lines 278--278
[]|[]| 
 []


Overfull \hbox (1.18416pt too wide) in paragraph at lines 278--278
[]|[]| 
 []


Overfull \hbox (5.2136pt too wide) in paragraph at lines 278--278
[]|[]| 
 []


Overfull \hbox (5.2136pt too wide) in paragraph at lines 278--278
[]|[]| 
 []


Overfull \hbox (5.2136pt too wide) in paragraph at lines 278--279
[]|[]| 
 []


Overfull \hbox (5.2136pt too wide) in paragraph at lines 280--280
[]|[]| 
 []


Overfull \hbox (5.2136pt too wide) in paragraph at lines 280--280
[]|[]| 
 []


Overfull \hbox (5.2136pt too wide) in paragraph at lines 280--280
[]|[]| 
 []


Overfull \hbox (5.2136pt too wide) in paragraph at lines 280--280
[]|[]| 
 []


Overfull \hbox (5.2136pt too wide) in paragraph at lines 280--280
[]|[]| 
 []


Overfull \hbox (5.2136pt too wide) in paragraph at lines 280--280
[]|[]| 
 []


Overfull \hbox (5.2136pt too wide) in paragraph at lines 280--281
[]|[]| 
 []


Overfull \hbox (5.2136pt too wide) in paragraph at lines 282--282
[]|[]| 
 []


Overfull \hbox (5.2136pt too wide) in paragraph at lines 282--282
[]|[]| 
 []


Overfull \hbox (5.2136pt too wide) in paragraph at lines 282--282
[]|[]| 
 []


Overfull \hbox (5.2136pt too wide) in paragraph at lines 282--282
[]|[]| 
 []


Overfull \hbox (5.2136pt too wide) in paragraph at lines 282--282
[]|[]| 
 []


Overfull \hbox (5.2136pt too wide) in paragraph at lines 282--282
[]|[]| 
 []


Overfull \hbox (5.2136pt too wide) in paragraph at lines 282--283
[]|[]| 
 []


Overfull \hbox (5.2136pt too wide) in paragraph at lines 284--284
[]|[]| 
 []


Overfull \hbox (5.2136pt too wide) in paragraph at lines 284--284
[]|[]| 
 []


Overfull \hbox (5.2136pt too wide) in paragraph at lines 284--284
[]|[]| 
 []


Overfull \hbox (5.2136pt too wide) in paragraph at lines 284--284
[]|[]| 
 []


Overfull \hbox (5.2136pt too wide) in paragraph at lines 284--284
[]|[]| 
 []


Overfull \hbox (2.55267pt too wide) in paragraph at lines 274--288
[][] 
 []

[8]
Overfull \hbox (2.55267pt too wide) in paragraph at lines 299--305
[][] 
 []


Overfull \hbox (1.18416pt too wide) in paragraph at lines 310--310
[]|[]| 
 []


Overfull \hbox (1.18416pt too wide) in paragraph at lines 310--311
[]|[]| 
 []


Overfull \hbox (1.18416pt too wide) in paragraph at lines 312--312
[]|[]| 
 []


Overfull \hbox (1.18416pt too wide) in paragraph at lines 312--312
[]|[]| 
 []


Overfull \hbox (1.18416pt too wide) in paragraph at lines 312--312
[]|[]| 
 []


Overfull \hbox (1.18416pt too wide) in paragraph at lines 312--312
[]|[]| 
 []


Overfull \hbox (1.18416pt too wide) in paragraph at lines 312--312
[]|[]| 
 []


Overfull \hbox (1.18416pt too wide) in paragraph at lines 312--312
[]|[]| 
 []


Overfull \hbox (1.18416pt too wide) in paragraph at lines 312--313
[]|[]| 
 []


Overfull \hbox (5.2136pt too wide) in paragraph at lines 314--314
[]|[]| 
 []


Overfull \hbox (5.2136pt too wide) in paragraph at lines 314--314
[]|[]| 
 []


Overfull \hbox (5.2136pt too wide) in paragraph at lines 314--314
[]|[]| 
 []


Overfull \hbox (5.2136pt too wide) in paragraph at lines 314--314
[]|[]| 
 []


Overfull \hbox (5.2136pt too wide) in paragraph at lines 314--314
[]|[]| 
 []


Overfull \hbox (5.2136pt too wide) in paragraph at lines 314--314
[]|[]| 
 []


Overfull \hbox (5.2136pt too wide) in paragraph at lines 314--315
[]|[]| 
 []


Overfull \hbox (5.2136pt too wide) in paragraph at lines 316--316
[]|[]| 
 []


Overfull \hbox (5.2136pt too wide) in paragraph at lines 316--316
[]|[]| 
 []


Overfull \hbox (5.2136pt too wide) in paragraph at lines 316--316
[]|[]| 
 []


Overfull \hbox (5.2136pt too wide) in paragraph at lines 316--316
[]|[]| 
 []


Overfull \hbox (5.2136pt too wide) in paragraph at lines 316--316
[]|[]| 
 []


Overfull \hbox (5.2136pt too wide) in paragraph at lines 316--316
[]|[]| 
 []


Overfull \hbox (5.2136pt too wide) in paragraph at lines 316--317
[]|[]| 
 []


Overfull \hbox (5.2136pt too wide) in paragraph at lines 318--318
[]|[]| 
 []


Overfull \hbox (5.2136pt too wide) in paragraph at lines 318--318
[]|[]| 
 []


Overfull \hbox (5.2136pt too wide) in paragraph at lines 318--318
[]|[]| 
 []


Overfull \hbox (5.2136pt too wide) in paragraph at lines 318--318
[]|[]| 
 []


Overfull \hbox (5.2136pt too wide) in paragraph at lines 318--318
[]|[]| 
 []


Overfull \hbox (5.2136pt too wide) in paragraph at lines 318--318
[]|[]| 
 []


Overfull \hbox (5.2136pt too wide) in paragraph at lines 318--319
[]|[]| 
 []


Overfull \hbox (2.55267pt too wide) in paragraph at lines 308--322
[][] 
 []

[9]
Overfull \hbox (2.55267pt too wide) in paragraph at lines 333--339
[][] 
 []


Overfull \hbox (1.18416pt too wide) in paragraph at lines 344--344
[]|[]| 
 []


Overfull \hbox (1.18416pt too wide) in paragraph at lines 344--344
[]|[]| 
 []


Overfull \hbox (1.18416pt too wide) in paragraph at lines 344--344
[]|[]| 
 []


Overfull \hbox (1.18416pt too wide) in paragraph at lines 344--344
[]|[]| 
 []


Overfull \hbox (1.18416pt too wide) in paragraph at lines 344--344
[]|[]| 
 []


Overfull \hbox (1.18416pt too wide) in paragraph at lines 344--344
[]|[]| 
 []


Overfull \hbox (1.18416pt too wide) in paragraph at lines 344--345
[]|[]| 
 []


Overfull \hbox (1.18416pt too wide) in paragraph at lines 346--346
[]|[]| 
 []


Overfull \hbox (1.18416pt too wide) in paragraph at lines 346--346
[]|[]| 
 []


Overfull \hbox (5.2136pt too wide) in paragraph at lines 346--346
[]|[]| 
 []


Overfull \hbox (5.2136pt too wide) in paragraph at lines 346--346
[]|[]| 
 []


Overfull \hbox (5.2136pt too wide) in paragraph at lines 346--346
[]|[]| 
 []


Overfull \hbox (5.2136pt too wide) in paragraph at lines 346--346
[]|[]| 
 []


Overfull \hbox (5.2136pt too wide) in paragraph at lines 346--347
[]|[]| 
 []


Overfull \hbox (5.2136pt too wide) in paragraph at lines 348--348
[]|[]| 
 []


Overfull \hbox (5.2136pt too wide) in paragraph at lines 348--348
[]|[]| 
 []


Overfull \hbox (5.2136pt too wide) in paragraph at lines 348--348
[]|[]| 
 []


Overfull \hbox (5.2136pt too wide) in paragraph at lines 348--348
[]|[]| 
 []


Overfull \hbox (5.2136pt too wide) in paragraph at lines 348--348
[]|[]| 
 []


Overfull \hbox (5.2136pt too wide) in paragraph at lines 348--348
[]|[]| 
 []


Overfull \hbox (5.2136pt too wide) in paragraph at lines 348--349
[]|[]| 
 []


Overfull \hbox (5.2136pt too wide) in paragraph at lines 350--350
[]|[]| 
 []


Overfull \hbox (5.2136pt too wide) in paragraph at lines 350--350
[]|[]| 
 []


Overfull \hbox (5.2136pt too wide) in paragraph at lines 350--350
[]|[]| 
 []


Overfull \hbox (5.2136pt too wide) in paragraph at lines 350--350
[]|[]| 
 []


Overfull \hbox (5.2136pt too wide) in paragraph at lines 350--350
[]|[]| 
 []


Overfull \hbox (5.2136pt too wide) in paragraph at lines 350--350
[]|[]| 
 []


Overfull \hbox (5.2136pt too wide) in paragraph at lines 350--351
[]|[]| 
 []


Overfull \hbox (5.2136pt too wide) in paragraph at lines 352--352
[]|[]| 
 []


Overfull \hbox (5.2136pt too wide) in paragraph at lines 352--352
[]|[]| 
 []


Overfull \hbox (5.2136pt too wide) in paragraph at lines 352--352
[]|[]| 
 []


Overfull \hbox (2.55267pt too wide) in paragraph at lines 342--356
[][] 
 []

[10]
Overfull \hbox (2.55267pt too wide) in paragraph at lines 367--373
[][] 
 []


Overfull \hbox (1.18416pt too wide) in paragraph at lines 378--378
[]|[]| 
 []


Overfull \hbox (1.18416pt too wide) in paragraph at lines 378--378
[]|[]| 
 []


Overfull \hbox (1.18416pt too wide) in paragraph at lines 378--378
[]|[]| 
 []


Overfull \hbox (1.18416pt too wide) in paragraph at lines 378--379
[]|[]| 
 []


Overfull \hbox (1.18416pt too wide) in paragraph at lines 380--380
[]|[]| 
 []


Overfull \hbox (1.18416pt too wide) in paragraph at lines 380--380
[]|[]| 
 []


Overfull \hbox (1.18416pt too wide) in paragraph at lines 380--380
[]|[]| 
 []


Overfull \hbox (1.18416pt too wide) in paragraph at lines 380--380
[]|[]| 
 []


Overfull \hbox (1.18416pt too wide) in paragraph at lines 380--380
[]|[]| 
 []


Overfull \hbox (5.2136pt too wide) in paragraph at lines 380--380
[]|[]| 
 []


Overfull \hbox (5.2136pt too wide) in paragraph at lines 380--381
[]|[]| 
 []


Overfull \hbox (5.2136pt too wide) in paragraph at lines 382--382
[]|[]| 
 []


Overfull \hbox (5.2136pt too wide) in paragraph at lines 382--382
[]|[]| 
 []


Overfull \hbox (5.2136pt too wide) in paragraph at lines 382--382
[]|[]| 
 []


Overfull \hbox (5.2136pt too wide) in paragraph at lines 382--382
[]|[]| 
 []


Overfull \hbox (5.2136pt too wide) in paragraph at lines 382--382
[]|[]| 
 []


Overfull \hbox (5.2136pt too wide) in paragraph at lines 382--382
[]|[]| 
 []


Overfull \hbox (5.2136pt too wide) in paragraph at lines 382--383
[]|[]| 
 []


Overfull \hbox (5.2136pt too wide) in paragraph at lines 384--384
[]|[]| 
 []


Overfull \hbox (5.2136pt too wide) in paragraph at lines 384--384
[]|[]| 
 []


Overfull \hbox (5.2136pt too wide) in paragraph at lines 384--384
[]|[]| 
 []


Overfull \hbox (5.2136pt too wide) in paragraph at lines 384--384
[]|[]| 
 []


Overfull \hbox (5.2136pt too wide) in paragraph at lines 384--384
[]|[]| 
 []


Overfull \hbox (5.2136pt too wide) in paragraph at lines 384--384
[]|[]| 
 []


Overfull \hbox (5.2136pt too wide) in paragraph at lines 384--385
[]|[]| 
 []


Overfull \hbox (5.2136pt too wide) in paragraph at lines 386--386
[]|[]| 
 []


Overfull \hbox (5.2136pt too wide) in paragraph at lines 386--386
[]|[]| 
 []


Overfull \hbox (5.2136pt too wide) in paragraph at lines 386--386
[]|[]| 
 []


Overfull \hbox (5.2136pt too wide) in paragraph at lines 386--386
[]|[]| 
 []


Overfull \hbox (5.2136pt too wide) in paragraph at lines 386--386
[]|[]| 
 []


Overfull \hbox (2.55267pt too wide) in paragraph at lines 376--390
[][] 
 []

[11]
Overfull \hbox (2.55267pt too wide) in paragraph at lines 401--407
[][] 
 []


Overfull \hbox (1.18416pt too wide) in paragraph at lines 412--412
[]|[]| 
 []


Overfull \hbox (1.18416pt too wide) in paragraph at lines 412--413
[]|[]| 
 []


Overfull \hbox (1.18416pt too wide) in paragraph at lines 414--414
[]|[]| 
 []


Overfull \hbox (1.18416pt too wide) in paragraph at lines 414--414
[]|[]| 
 []


Overfull \hbox (1.18416pt too wide) in paragraph at lines 414--414
[]|[]| 
 []


Overfull \hbox (1.18416pt too wide) in paragraph at lines 414--414
[]|[]| 
 []


Overfull \hbox (1.18416pt too wide) in paragraph at lines 414--414
[]|[]| 
 []


Overfull \hbox (1.18416pt too wide) in paragraph at lines 414--414
[]|[]| 
 []


Overfull \hbox (1.18416pt too wide) in paragraph at lines 414--415
[]|[]| 
 []


Overfull \hbox (5.2136pt too wide) in paragraph at lines 416--416
[]|[]| 
 []


Overfull \hbox (5.2136pt too wide) in paragraph at lines 416--416
[]|[]| 
 []


Overfull \hbox (5.2136pt too wide) in paragraph at lines 416--416
[]|[]| 
 []


Overfull \hbox (5.2136pt too wide) in paragraph at lines 416--416
[]|[]| 
 []


Overfull \hbox (5.2136pt too wide) in paragraph at lines 416--416
[]|[]| 
 []


Overfull \hbox (5.2136pt too wide) in paragraph at lines 416--416
[]|[]| 
 []


Overfull \hbox (5.2136pt too wide) in paragraph at lines 416--417
[]|[]| 
 []


Overfull \hbox (5.2136pt too wide) in paragraph at lines 418--418
[]|[]| 
 []


Overfull \hbox (5.2136pt too wide) in paragraph at lines 418--418
[]|[]| 
 []


Overfull \hbox (5.2136pt too wide) in paragraph at lines 418--418
[]|[]| 
 []


Overfull \hbox (5.2136pt too wide) in paragraph at lines 418--418
[]|[]| 
 []


Overfull \hbox (5.2136pt too wide) in paragraph at lines 418--418
[]|[]| 
 []


Overfull \hbox (5.2136pt too wide) in paragraph at lines 418--418
[]|[]| 
 []


Overfull \hbox (5.2136pt too wide) in paragraph at lines 418--419
[]|[]| 
 []


Overfull \hbox (5.2136pt too wide) in paragraph at lines 420--420
[]|[]| 
 []


Overfull \hbox (5.2136pt too wide) in paragraph at lines 420--420
[]|[]| 
 []


Overfull \hbox (5.2136pt too wide) in paragraph at lines 420--420
[]|[]| 
 []


Overfull \hbox (5.2136pt too wide) in paragraph at lines 420--420
[]|[]| 
 []


Overfull \hbox (5.2136pt too wide) in paragraph at lines 420--420
[]|[]| 
 []


Overfull \hbox (5.2136pt too wide) in paragraph at lines 420--420
[]|[]| 
 []


Overfull \hbox (5.2136pt too wide) in paragraph at lines 420--421
[]|[]| 
 []


Overfull \hbox (5.2136pt too wide) in paragraph at lines 422--422
[]|[]| 
 []


Overfull \hbox (2.55267pt too wide) in paragraph at lines 410--426
[][] 
 []

[12] (./calendar.aux)

LaTeX Font Warning: Size substitutions with differences
(Font)              up to 5.12pt have occurred.

 ) 
Here is how much of TeX's memory you used:
 1300 strings out of 493683
 17254 string characters out of 6152641
 85693 words of memory out of 5000000
 4908 multiletter control sequences out of 15000+600000
 11463 words of font info for 53 fonts, out of 8000000 for 9000
 934 hyphenation exceptions out of 8191
 23i,10n,20p,303b,289s stack positions out of 5000i,500n,10000p,200000b,80000s

Output written on calendar.dvi (12 pages, 30476 bytes).
